2022-03-20 01:40:09.195  INFO 5604 --- [main] c.m.s.SpringApplicationInitApplicationKt : Starting SpringApplicationInitApplicationKt using Java 11.0.14 on SEONYOUNG with PID 5604 (D:\project\spring-boot-practice\spring-application-init\build\classes\kotlin\main started by PSY in D:\project\spring-boot-practice)
2022-03-20 01:40:09.199  INFO 5604 --- [main] c.m.s.SpringApplicationInitApplicationKt : The following profiles are active: prod,proddb
2022-03-20 01:40:10.979  INFO 5604 --- [main] c.m.s.SpringApplicationInitApplicationKt : Started SpringApplicationInitApplicationKt in 2.612 seconds (JVM running for 6.079)
2022-03-20 01:40:10.983  INFO 5604 --- [main] c.m.s.a.SecondApplicationRunner          : SECOND 222222222222222222
2022-03-20 01:40:10.984  INFO 5604 --- [main] c.m.s.a.SecondApplicationRunner          : =========================
2022-03-20 01:40:10.985  INFO 5604 --- [main] c.m.s.a.SecondApplicationRunner          : (properties) project owner's name is mindock prod
2022-03-20 01:40:10.985  INFO 5604 --- [main] c.m.s.a.SecondApplicationRunner          : (properties) project owner's age is 99
2022-03-20 01:40:10.986  INFO 5604 --- [main] c.m.s.a.SecondApplicationRunner          : (properties) project owner's full name is mindock proddb
2022-03-20 01:40:10.986  INFO 5604 --- [main] c.m.s.a.SecondApplicationRunner          : (properties) project owner's session timeout is PT25S
2022-03-20 01:40:10.987  INFO 5604 --- [main] c.m.s.a.SecondApplicationRunner          : =========================
2022-03-20 01:40:10.987  INFO 5604 --- [main] c.m.s.a.SecondApplicationRunner          : hello bean: hello
2022-03-20 01:40:42.661  INFO 728 --- [main] c.m.s.SpringApplicationInitApplicationKt : Starting SpringApplicationInitApplicationKt using Java 11.0.14 on SEONYOUNG with PID 728 (D:\project\spring-boot-practice\spring-application-init\build\classes\kotlin\main started by PSY in D:\project\spring-boot-practice)
2022-03-20 01:40:42.666  INFO 728 --- [main] c.m.s.SpringApplicationInitApplicationKt : The following profiles are active: prod,proddb
2022-03-20 01:40:44.332  INFO 728 --- [main] c.m.s.SpringApplicationInitApplicationKt : Started SpringApplicationInitApplicationKt in 2.409 seconds (JVM running for 6.28)
2022-03-20 01:40:44.338  INFO 728 --- [main] c.m.s.a.SecondApplicationRunner          : SECOND 222222222222222222
2022-03-20 01:40:44.339  INFO 728 --- [main] c.m.s.a.SecondApplicationRunner          : =========================
2022-03-20 01:40:44.340  INFO 728 --- [main] c.m.s.a.SecondApplicationRunner          : (properties) project owner's name is mindock prod
2022-03-20 01:40:44.341  INFO 728 --- [main] c.m.s.a.SecondApplicationRunner          : (properties) project owner's age is 75
2022-03-20 01:40:44.342  INFO 728 --- [main] c.m.s.a.SecondApplicationRunner          : (properties) project owner's full name is mindock proddb
2022-03-20 01:40:44.343  INFO 728 --- [main] c.m.s.a.SecondApplicationRunner          : (properties) project owner's session timeout is PT25S
2022-03-20 01:40:44.343  INFO 728 --- [main] c.m.s.a.SecondApplicationRunner          : =========================
2022-03-20 01:40:44.344  INFO 728 --- [main] c.m.s.a.SecondApplicationRunner          : hello bean: hello
2022-03-20 01:41:15.805  INFO 704 --- [main] c.m.s.SpringApplicationInitApplicationKt : Starting SpringApplicationInitApplicationKt using Java 11.0.14 on SEONYOUNG with PID 704 (D:\project\spring-boot-practice\spring-application-init\build\classes\kotlin\main started by PSY in D:\project\spring-boot-practice)
2022-03-20 01:41:15.809  INFO 704 --- [main] c.m.s.SpringApplicationInitApplicationKt : The following profiles are active: prod,proddb
2022-03-20 01:41:17.478  INFO 704 --- [main] c.m.s.SpringApplicationInitApplicationKt : Started SpringApplicationInitApplicationKt in 2.431 seconds (JVM running for 6.006)
2022-03-20 01:41:17.482  INFO 704 --- [main] c.m.s.a.SecondApplicationRunner          : SECOND 222222222222222222
2022-03-20 01:41:17.482  INFO 704 --- [main] c.m.s.a.SecondApplicationRunner          : =========================
2022-03-20 01:41:17.482  INFO 704 --- [main] c.m.s.a.SecondApplicationRunner          : (properties) project owner's name is mindock prod
2022-03-20 01:41:17.482  INFO 704 --- [main] c.m.s.a.SecondApplicationRunner          : (properties) project owner's age is 19
2022-03-20 01:41:17.482  INFO 704 --- [main] c.m.s.a.SecondApplicationRunner          : (properties) project owner's full name is mindock proddb
2022-03-20 01:41:17.483  INFO 704 --- [main] c.m.s.a.SecondApplicationRunner          : (properties) project owner's session timeout is PT25S
2022-03-20 01:41:17.483  INFO 704 --- [main] c.m.s.a.SecondApplicationRunner          : =========================
2022-03-20 01:41:17.483  INFO 704 --- [main] c.m.s.a.SecondApplicationRunner          : hello bean: hello
2022-03-20 01:42:32.721  INFO 14560 --- [main] c.m.s.SpringApplicationInitApplicationKt : Starting SpringApplicationInitApplicationKt using Java 11.0.14 on SEONYOUNG with PID 14560 (D:\project\spring-boot-practice\spring-application-init\build\classes\kotlin\main started by PSY in D:\project\spring-boot-practice)
2022-03-20 01:42:32.724  INFO 14560 --- [main] c.m.s.SpringApplicationInitApplicationKt : The following profiles are active: prod,proddb
2022-03-20 01:42:34.921  INFO 14560 --- [main] c.m.s.SpringApplicationInitApplicationKt : Started SpringApplicationInitApplicationKt in 2.933 seconds (JVM running for 7.294)
2022-03-20 01:42:34.930  INFO 14560 --- [main] c.m.s.a.SecondApplicationRunner          : SECOND 222222222222222222
2022-03-20 01:42:34.930  INFO 14560 --- [main] c.m.s.a.SecondApplicationRunner          : =========================
2022-03-20 01:42:34.931  INFO 14560 --- [main] c.m.s.a.SecondApplicationRunner          : (properties) project owner's name is mindock prod
2022-03-20 01:42:34.932  INFO 14560 --- [main] c.m.s.a.SecondApplicationRunner          : (properties) project owner's age is 35
2022-03-20 01:42:34.934  INFO 14560 --- [main] c.m.s.a.SecondApplicationRunner          : (properties) project owner's full name is mindock proddb
2022-03-20 01:42:34.935  INFO 14560 --- [main] c.m.s.a.SecondApplicationRunner          : (properties) project owner's session timeout is PT25S
2022-03-20 01:42:34.935  INFO 14560 --- [main] c.m.s.a.SecondApplicationRunner          : =========================
2022-03-20 01:42:34.936  INFO 14560 --- [main] c.m.s.a.SecondApplicationRunner          : hello bean: hello
2022-03-20 01:46:07.931  INFO 2036 --- [main] c.m.s.SpringApplicationInitApplicationKt : Starting SpringApplicationInitApplicationKt using Java 11.0.14 on SEONYOUNG with PID 2036 (D:\project\spring-boot-practice\spring-application-init\build\classes\kotlin\main started by PSY in D:\project\spring-boot-practice)
2022-03-20 01:46:07.938  INFO 2036 --- [main] c.m.s.SpringApplicationInitApplicationKt : The following profiles are active: prod,proddb
2022-03-20 01:46:11.155  INFO 2036 --- [main] c.m.s.SpringApplicationInitApplicationKt : Started SpringApplicationInitApplicationKt in 4.466 seconds (JVM running for 10.513)
2022-03-20 01:46:11.164 DEBUG 2036 --- [main] c.m.s.a.SecondApplicationRunner          : SECOND 222222222222222222
2022-03-20 01:46:11.165 DEBUG 2036 --- [main] c.m.s.a.SecondApplicationRunner          : =========================
2022-03-20 01:46:11.167 DEBUG 2036 --- [main] c.m.s.a.SecondApplicationRunner          : (properties) project owner's name is mindock prod
2022-03-20 01:46:11.170 DEBUG 2036 --- [main] c.m.s.a.SecondApplicationRunner          : (properties) project owner's age is 1
2022-03-20 01:46:11.172 DEBUG 2036 --- [main] c.m.s.a.SecondApplicationRunner          : (properties) project owner's full name is mindock proddb
2022-03-20 01:46:11.175 DEBUG 2036 --- [main] c.m.s.a.SecondApplicationRunner          : (properties) project owner's session timeout is PT25S
2022-03-20 01:46:11.175 DEBUG 2036 --- [main] c.m.s.a.SecondApplicationRunner          : =========================
2022-03-20 01:46:11.177 DEBUG 2036 --- [main] c.m.s.a.SecondApplicationRunner          : hello bean: hello
2022-03-20 01:53:28.938  INFO 6912 --- [main] c.m.s.SpringApplicationInitApplicationKt : Starting SpringApplicationInitApplicationKt using Java 11.0.14 on SEONYOUNG with PID 6912 (D:\project\spring-boot-practice\spring-application-init\build\classes\kotlin\main started by PSY in D:\project\spring-boot-practice)
2022-03-20 01:53:28.941  INFO 6912 --- [main] c.m.s.SpringApplicationInitApplicationKt : The following profiles are active: prod,proddb
2022-03-20 01:53:30.653  INFO 6912 --- [main] c.m.s.SpringApplicationInitApplicationKt : Started SpringApplicationInitApplicationKt in 2.629 seconds (JVM running for 6.965)
2022-03-20 01:53:30.671 DEBUG 6912 --- [main] c.m.s.a.SecondApplicationRunner          : SECOND 222222222222222222
2022-03-20 01:53:30.672 DEBUG 6912 --- [main] c.m.s.a.SecondApplicationRunner          : =========================
2022-03-20 01:53:30.673 DEBUG 6912 --- [main] c.m.s.a.SecondApplicationRunner          : (properties) project owner's name is mindock prod
2022-03-20 01:53:30.674 DEBUG 6912 --- [main] c.m.s.a.SecondApplicationRunner          : (properties) project owner's age is 43
2022-03-20 01:53:30.675 DEBUG 6912 --- [main] c.m.s.a.SecondApplicationRunner          : (properties) project owner's full name is mindock proddb
2022-03-20 01:53:30.676 DEBUG 6912 --- [main] c.m.s.a.SecondApplicationRunner          : (properties) project owner's session timeout is PT25S
2022-03-20 01:53:30.676 DEBUG 6912 --- [main] c.m.s.a.SecondApplicationRunner          : =========================
2022-03-20 01:53:30.677 DEBUG 6912 --- [main] c.m.s.a.SecondApplicationRunner          : hello bean: hello
2022-03-20 02:13:04.508  INFO 6212 --- [main] c.m.s.SpringApplicationInitApplicationKt : Starting SpringApplicationInitApplicationKt using Java 11.0.14 on SEONYOUNG with PID 6212 (D:\project\spring-boot-practice\spring-application-init\build\classes\kotlin\main started by PSY in D:\project\spring-boot-practice)
2022-03-20 02:13:04.519  INFO 6212 --- [main] c.m.s.SpringApplicationInitApplicationKt : The following profiles are active: prod,proddb
2022-03-20 02:13:06.508  INFO 6212 --- [main] c.m.s.SpringApplicationInitApplicationKt : Started SpringApplicationInitApplicationKt in 2.958 seconds (JVM running for 7.98)
2022-03-20 02:17:50.035  INFO 10220 --- [main] c.m.s.SpringApplicationInitApplicationKt : Starting SpringApplicationInitApplicationKt using Java 11.0.14 on SEONYOUNG with PID 10220 (D:\project\spring-boot-practice\spring-application-init\build\classes\kotlin\main started by PSY in D:\project\spring-boot-practice)
2022-03-20 02:17:50.044  INFO 10220 --- [main] c.m.s.SpringApplicationInitApplicationKt : The following profiles are active: prod,proddb
2022-03-20 02:17:51.768  INFO 10220 --- [main] c.m.s.SpringApplicationInitApplicationKt : Started SpringApplicationInitApplicationKt in 2.604 seconds (JVM running for 6.943)
2022-03-20 02:18:47.287  INFO 2148 --- [main] c.m.s.SpringApplicationInitApplicationKt : Starting SpringApplicationInitApplicationKt using Java 11.0.14 on SEONYOUNG with PID 2148 (D:\project\spring-boot-practice\spring-application-init\build\classes\kotlin\main started by PSY in D:\project\spring-boot-practice)
2022-03-20 02:18:47.297  INFO 2148 --- [main] c.m.s.SpringApplicationInitApplicationKt : The following profiles are active: prod,proddb
2022-03-20 02:18:49.240  INFO 2148 --- [main] c.m.s.SpringApplicationInitApplicationKt : Started SpringApplicationInitApplicationKt in 2.898 seconds (JVM running for 7.659)
2022-03-20 02:18:49.245 DEBUG 2148 --- [main] c.m.s.a.SecondApplicationRunner          : SECOND 222222222222222222
2022-03-20 02:18:49.246 DEBUG 2148 --- [main] c.m.s.a.SecondApplicationRunner          : =========================
2022-03-20 02:18:49.247 DEBUG 2148 --- [main] c.m.s.a.SecondApplicationRunner          : (properties) project owner's name is mindock prod
2022-03-20 02:18:49.247 DEBUG 2148 --- [main] c.m.s.a.SecondApplicationRunner          : (properties) project owner's age is 97
2022-03-20 02:18:49.247 DEBUG 2148 --- [main] c.m.s.a.SecondApplicationRunner          : (properties) project owner's full name is mindock proddb
2022-03-20 02:18:49.248 DEBUG 2148 --- [main] c.m.s.a.SecondApplicationRunner          : (properties) project owner's session timeout is PT25S
2022-03-20 02:18:49.249 DEBUG 2148 --- [main] c.m.s.a.SecondApplicationRunner          : =========================
2022-03-20 02:18:49.249 DEBUG 2148 --- [main] c.m.s.a.SecondApplicationRunner          : hello bean: hello
2022-03-20 02:20:55.188  INFO 13808 --- [main] c.m.s.SpringApplicationInitApplicationKt : Starting SpringApplicationInitApplicationKt using Java 11.0.14 on SEONYOUNG with PID 13808 (D:\project\spring-boot-practice\spring-application-init\build\classes\kotlin\main started by PSY in D:\project\spring-boot-practice)
2022-03-20 02:20:55.198  INFO 13808 --- [main] c.m.s.SpringApplicationInitApplicationKt : The following profiles are active: prod,proddb
2022-03-20 02:20:58.090  INFO 13808 --- [main] c.m.s.SpringApplicationInitApplicationKt : Started SpringApplicationInitApplicationKt in 3.684 seconds (JVM running for 7.822)
2022-03-20 02:20:58.095 DEBUG 13808 --- [main] c.m.s.a.SecondApplicationRunner          : SECOND 222222222222222222
2022-03-20 02:20:58.097 DEBUG 13808 --- [main] c.m.s.a.SecondApplicationRunner          : =========================
2022-03-20 02:20:58.098 DEBUG 13808 --- [main] c.m.s.a.SecondApplicationRunner          : (properties) project owner's name is mindock prod
2022-03-20 02:20:58.098 DEBUG 13808 --- [main] c.m.s.a.SecondApplicationRunner          : (properties) project owner's age is 63
2022-03-20 02:20:58.099 DEBUG 13808 --- [main] c.m.s.a.SecondApplicationRunner          : (properties) project owner's full name is mindock proddb
2022-03-20 02:20:58.100 DEBUG 13808 --- [main] c.m.s.a.SecondApplicationRunner          : (properties) project owner's session timeout is PT25S
2022-03-20 02:20:58.100 DEBUG 13808 --- [main] c.m.s.a.SecondApplicationRunner          : =========================
2022-03-20 02:20:58.102 DEBUG 13808 --- [main] c.m.s.a.SecondApplicationRunner          : hello bean: hello
